2024-06-13 13:53:30.334  INFO 9288 --- [restartedMain] o.s.s.web.DefaultSecurityFilterChain     : Will secure Ant [pattern='/js/**'] with []
2024-06-13 13:53:30.334  INFO 24068 --- [restartedMain] o.s.s.web.DefaultSecurityFilterChain     : Will secure Ant [pattern='/images/**'] with []
2024-06-13 13:53:30.340  INFO 9288 --- [restartedMain] o.s.s.web.DefaultSecurityFilterChain     : Will secure Ant [pattern='/webjars/**'] with []
2024-06-13 13:53:30.340  INFO 24068 --- [restartedMain] o.s.s.web.DefaultSecurityFilterChain     : Will secure Ant [pattern='/js/**'] with []
2024-06-13 13:53:30.341  INFO 9288 --- [restartedMain] o.s.s.web.DefaultSecurityFilterChain     : Will secure Ant [pattern='/css/**'] with []
2024-06-13 13:53:30.342  INFO 24068 --- [restartedMain] o.s.s.web.DefaultSecurityFilterChain     : Will secure Ant [pattern='/webjars/**'] with []
2024-06-13 13:53:30.343  INFO 24068 --- [restartedMain] o.s.s.web.DefaultSecurityFilterChain     : Will secure Ant [pattern='/css/**'] with []
2024-06-13 13:53:30.410  INFO 9288 --- [restartedMain] o.s.s.web.DefaultSecurityFilterChain     : Will secure any request with [org.springframework.security.web.context.request.async.WebAsyncManagerIntegrationFilter@31b3b8d8, org.springframework.security.web.context.SecurityContextPersistenceFilter@6e24c973, org.springframework.security.web.header.HeaderWriterFilter@327cdaf8, org.springframework.security.web.csrf.CsrfFilter@1ba1af9e, org.springframework.security.web.authentication.logout.LogoutFilter@1f6b35a8, org.springframework.security.web.authentication.UsernamePasswordAuthenticationFilter@30a04120, org.springframework.security.web.savedrequest.RequestCacheAwareFilter@2a6d848a, org.springframework.security.web.servletapi.SecurityContextHolderAwareRequestFilter@3911eb66, org.springframework.security.web.authentication.rememberme.RememberMeAuthenticationFilter@3c026268, org.springframework.security.web.authentication.AnonymousAuthenticationFilter@698b521a, org.springframework.security.web.session.SessionManagementFilter@4f57b6a4, org.springframework.security.web.access.ExceptionTranslationFilter@5acda889, org.springframework.security.web.access.intercept.FilterSecurityInterceptor@12ca64b5]
2024-06-13 13:53:30.411  INFO 24068 --- [restartedMain] o.s.s.web.DefaultSecurityFilterChain     : Will secure any request with [org.springframework.security.web.context.request.async.WebAsyncManagerIntegrationFilter@20dd7664, org.springframework.security.web.context.SecurityContextPersistenceFilter@79b6fff7, org.springframework.security.web.header.HeaderWriterFilter@74293a97, org.springframework.security.web.csrf.CsrfFilter@40dc5a54, org.springframework.security.web.authentication.logout.LogoutFilter@746bf26e, org.springframework.security.web.authentication.UsernamePasswordAuthenticationFilter@1129a4c6, org.springframework.security.web.savedrequest.RequestCacheAwareFilter@41946de, org.springframework.security.web.servletapi.SecurityContextHolderAwareRequestFilter@60a8d047, org.springframework.security.web.authentication.rememberme.RememberMeAuthenticationFilter@e854443, org.springframework.security.web.authentication.AnonymousAuthenticationFilter@4e8a451, org.springframework.security.web.session.SessionManagementFilter@544d8beb, org.springframework.security.web.access.ExceptionTranslationFilter@7148263c, org.springframework.security.web.access.intercept.FilterSecurityInterceptor@233428cb]
2024-06-13 13:53:30.607  INFO 9288 --- [restartedMain] o.s.s.concurrent.ThreadPoolTaskExecutor  : Initializing ExecutorService 'applicationTaskExecutor'
2024-06-13 13:53:30.615  INFO 24068 --- [restartedMain] o.s.s.concurrent.ThreadPoolTaskExecutor  : Initializing ExecutorService 'applicationTaskExecutor'
2024-06-13 13:53:30.798  INFO 24068 --- [restartedMain] o.s.b.a.w.s.WelcomePageHandlerMapping    : Adding welcome page template: index
2024-06-13 13:53:30.810  INFO 9288 --- [restartedMain] o.s.b.a.w.s.WelcomePageHandlerMapping    : Adding welcome page template: index
2024-06-13 13:53:32.138  WARN 9288 --- [restartedMain] ConfigServletWebServerApplicationContext : Exception encountered during context initialization - cancelling refresh attempt: org.springframework.context.ApplicationContextException: Failed to start bean 'webServerStartStop'; nested exception is org.springframework.boot.web.server.PortInUseException: Port 8080 is already in use
2024-06-13 13:53:32.140  INFO 9288 --- [restartedMain] o.s.s.concurrent.ThreadPoolTaskExecutor  : Shutting down ExecutorService 'applicationTaskExecutor'
2024-06-13 13:53:32.149  INFO 9288 --- [restartedMain] j.LocalContainerEntityManagerFactoryBean : Closing JPA EntityManagerFactory for persistence unit 'default'
2024-06-13 13:53:32.155  INFO 9288 --- [restartedMain] com.zaxxer.hikari.HikariDataSource       : HikariPool-1 - Shutdown initiated...
2024-06-13 13:53:32.162  INFO 24068 --- [restartedMain] o.s.b.w.embedded.tomcat.TomcatWebServer  : Tomcat started on port(s): 8080 (http) with context path '/VerginiyaShopAdmin'
2024-06-13 13:53:32.166  INFO 9288 --- [restartedMain] com.zaxxer.hikari.HikariDataSource       : HikariPool-1 - Shutdown completed.
2024-06-13 13:53:32.170  INFO 9288 --- [restartedMain] o.apache.catalina.core.StandardService   : Stopping service [Tomcat]
2024-06-13 13:53:32.177  INFO 24068 --- [restartedMain] c.s.a.VerginiyaShopBackEndApplication    : Started VerginiyaShopBackEndApplication in 12.515 seconds (JVM running for 13.454)
2024-06-13 13:53:32.181  WARN 9288 --- [restartedMain] o.a.c.loader.WebappClassLoaderBase       : The web application [VerginiyaShopAdmin] appears to have started a thread named [logback-2] but has failed to stop it. This is very likely to create a memory leak. Stack trace of thread:
 java.base/jdk.internal.misc.Unsafe.park(Native Method)
 java.base/java.util.concurrent.locks.LockSupport.park(LockSupport.java:371)
 java.base/java.util.concurrent.locks.AbstractQueuedSynchronizer$ConditionNode.block(AbstractQueuedSynchronizer.java:506)
 java.base/java.util.concurrent.ForkJoinPool.unmanagedBlock(ForkJoinPool.java:3745)
 java.base/java.util.concurrent.ForkJoinPool.managedBlock(ForkJoinPool.java:3690)
 java.base/java.util.concurrent.locks.AbstractQueuedSynchronizer$ConditionObject.await(AbstractQueuedSynchronizer.java:1625)
 java.base/java.util.concurrent.ScheduledThreadPoolExecutor$DelayedWorkQueue.take(ScheduledThreadPoolExecutor.java:1170)
 java.base/java.util.concurrent.ScheduledThreadPoolExecutor$DelayedWorkQueue.take(ScheduledThreadPoolExecutor.java:899)
 java.base/java.util.concurrent.ThreadPoolExecutor.getTask(ThreadPoolExecutor.java:1070)
 java.base/java.util.concurrent.ThreadPoolExecutor.runWorker(ThreadPoolExecutor.java:1130)
 java.base/java.util.concurrent.ThreadPoolExecutor$Worker.run(ThreadPoolExecutor.java:642)
 java.base/java.lang.Thread.run(Thread.java:1589)
2024-06-13 13:53:32.201  INFO 9288 --- [restartedMain] ConditionEvaluationReportLoggingListener : 

Error starting ApplicationContext. To display the conditions report re-run your application with 'debug' enabled.
2024-06-13 13:53:32.238 ERROR 9288 --- [restartedMain] o.s.b.d.LoggingFailureAnalysisReporter   : 

***************************
APPLICATION FAILED TO START
***************************

Description:

Web server failed to start. Port 8080 was already in use.

Action:

Identify and stop the process that's listening on port 8080 or configure this application to listen on another port.

