2024-06-13 12:25:49.734  INFO 18008 --- [http-nio-80-exec-8] com.shopme.filter.SettingFilter          : SettingFilter | doFilter | .css , .js , .png , . jpg | url : http://localhost/VerginiyaShop/webjars/bootstrap/4.3.1/js/bootstrap.min.js
2024-06-13 12:25:49.734  INFO 18008 --- [http-nio-80-exec-2] com.shopme.filter.SettingFilter          : SettingFilter | doFilter | url : http://localhost/VerginiyaShop/VerginiyashopAdminSmall.png
2024-06-13 12:25:49.734  INFO 18008 --- [http-nio-80-exec-4] com.shopme.filter.SettingFilter          : SettingFilter | doFilter | .css , .js , .png , . jpg | url : http://localhost/VerginiyaShop/css/styles.css
2024-06-13 12:25:49.742  INFO 18008 --- [http-nio-80-exec-2] com.shopme.filter.SettingFilter          : SettingFilter | doFilter | .css , .js , .png , . jpg | url : http://localhost/VerginiyaShop/VerginiyashopAdminSmall.png
2024-06-13 12:25:49.742  INFO 18008 --- [http-nio-80-exec-3] com.shopme.filter.SettingFilter          : SettingFilter | doFilter is called
2024-06-13 12:25:49.743  INFO 18008 --- [http-nio-80-exec-3] com.shopme.filter.SettingFilter          : SettingFilter | doFilter | url : http://localhost/VerginiyaShop/js/common_customer_form.js
2024-06-13 12:25:49.743  INFO 18008 --- [http-nio-80-exec-3] com.shopme.filter.SettingFilter          : SettingFilter | doFilter | .css , .js , .png , . jpg | url : http://localhost/VerginiyaShop/js/common_customer_form.js
2024-06-13 12:25:49.757  INFO 18008 --- [http-nio-80-exec-6] com.shopme.filter.SettingFilter          : SettingFilter | doFilter is called
2024-06-13 12:25:49.758  INFO 18008 --- [http-nio-80-exec-6] com.shopme.filter.SettingFilter          : SettingFilter | doFilter | url : http://localhost/VerginiyaShop/js/common_modal.js
2024-06-13 12:25:49.758  INFO 18008 --- [http-nio-80-exec-6] com.shopme.filter.SettingFilter          : SettingFilter | doFilter | .css , .js , .png , . jpg | url : http://localhost/VerginiyaShop/js/common_modal.js
2024-06-13 12:25:49.760  INFO 18008 --- [http-nio-80-exec-7] com.shopme.filter.SettingFilter          : SettingFilter | doFilter is called
2024-06-13 12:25:49.760  INFO 18008 --- [http-nio-80-exec-7] com.shopme.filter.SettingFilter          : SettingFilter | doFilter | url : http://localhost/VerginiyaShop/js/register.js
2024-06-13 12:25:49.760  INFO 18008 --- [http-nio-80-exec-7] com.shopme.filter.SettingFilter          : SettingFilter | doFilter | .css , .js , .png , . jpg | url : http://localhost/VerginiyaShop/js/register.js
2024-06-13 12:31:34.278  INFO 30264 --- [restartedMain] c.s.VerginiyaShopFrontEndApplication     : Starting VerginiyaShopFrontEndApplication using Java 19.0.2 on LAPTOP-QKH2B2NM with PID 30264 (C:\Users\Vegito\HW\VerginiyaShop\VerginiyaShopParent\VerginiyaShopFrontEnd\target\classes started by Vegito in C:\Users\Vegito\HW\VerginiyaShop\VerginiyaShopParent\VerginiyaShopFrontEnd)
2024-06-13 12:31:34.281  INFO 30264 --- [restartedMain] c.s.VerginiyaShopFrontEndApplication     : No active profile set, falling back to default profiles: default
2024-06-13 12:31:34.348  INFO 30264 --- [restartedMain] .e.DevToolsPropertyDefaultsPostProcessor : Devtools property defaults active! Set 'spring.devtools.add-properties' to 'false' to disable
2024-06-13 12:31:34.349  INFO 30264 --- [restartedMain] .e.DevToolsPropertyDefaultsPostProcessor : For additional web related logging consider setting the 'logging.level.web' property to 'DEBUG'
2024-06-13 12:31:35.449  INFO 30264 --- [restartedMain] .s.d.r.c.RepositoryConfigurationDelegate : Bootstrapping Spring Data JPA repositories in DEFAULT mode.
2024-06-13 12:31:35.674  INFO 30264 --- [restartedMain] .s.d.r.c.RepositoryConfigurationDelegate : Finished Spring Data repository scanning in 213 ms. Found 20 JPA repository interfaces.
2024-06-13 12:31:36.543  INFO 30264 --- [restartedMain] o.s.b.w.embedded.tomcat.TomcatWebServer  : Tomcat initialized with port(s): 80 (http)
2024-06-13 12:31:36.564  INFO 30264 --- [restartedMain] o.apache.catalina.core.StandardService   : Starting service [Tomcat]
2024-06-13 12:31:36.565  INFO 30264 --- [restartedMain] org.apache.catalina.core.StandardEngine  : Starting Servlet engine: [Apache Tomcat/9.0.41]
2024-06-13 12:31:36.706  INFO 30264 --- [restartedMain] o.a.c.c.C.[.[.[/VerginiyaShop]           : Initializing Spring embedded WebApplicationContext
2024-06-13 12:31:36.707  INFO 30264 --- [restartedMain] w.s.c.ServletWebServerApplicationContext : Root WebApplicationContext: initialization completed in 2357 ms
2024-06-13 12:31:36.944  INFO 30264 --- [restartedMain] o.hibernate.jpa.internal.util.LogHelper  : HHH000204: Processing PersistenceUnitInfo [name: default]
2024-06-13 12:31:37.028  INFO 30264 --- [restartedMain] org.hibernate.Version                    : HHH000412: Hibernate ORM core version 5.4.27.Final
2024-06-13 12:31:37.231  INFO 30264 --- [restartedMain] o.hibernate.annotations.common.Version   : HCANN000001: Hibernate Commons Annotations {5.1.2.Final}
2024-06-13 12:31:37.368  INFO 30264 --- [restartedMain] com.zaxxer.hikari.HikariDataSource       : HikariPool-1 - Starting...
2024-06-13 12:31:37.811  INFO 30264 --- [restartedMain] com.zaxxer.hikari.HikariDataSource       : HikariPool-1 - Start completed.
2024-06-13 12:31:37.839  INFO 30264 --- [restartedMain] org.hibernate.dialect.Dialect            : HHH000400: Using dialect: org.hibernate.dialect.MySQL8Dialect
2024-06-13 12:31:39.654  INFO 30264 --- [restartedMain] o.h.e.t.j.p.i.JtaPlatformInitiator       : HHH000490: Using JtaPlatform implementation: [org.hibernate.engine.transaction.jta.platform.internal.NoJtaPlatform]
2024-06-13 12:31:39.663  INFO 30264 --- [restartedMain] j.LocalContainerEntityManagerFactoryBean : Initialized JPA EntityManagerFactory for persistence unit 'default'
2024-06-13 12:31:40.252  INFO 30264 --- [restartedMain] o.s.b.d.a.OptionalLiveReloadServer       : LiveReload server is running on port 35729
2024-06-13 12:31:40.552  WARN 30264 --- [restartedMain] JpaBaseConfiguration$JpaWebConfiguration : spring.jpa.open-in-view is enabled by default. Therefore, database queries may be performed during view rendering. Explicitly configure spring.jpa.open-in-view to disable this warning
2024-06-13 12:31:41.198  INFO 30264 --- [restartedMain] o.s.s.web.DefaultSecurityFilterChain     : Will secure Ant [pattern='/images/**'] with []
2024-06-13 12:31:41.199  INFO 30264 --- [restartedMain] o.s.s.web.DefaultSecurityFilterChain     : Will secure Ant [pattern='/js/**'] with []
2024-06-13 12:31:41.199  INFO 30264 --- [restartedMain] o.s.s.web.DefaultSecurityFilterChain     : Will secure Ant [pattern='/webjars/**'] with []
2024-06-13 12:31:41.200  INFO 30264 --- [restartedMain] o.s.s.web.DefaultSecurityFilterChain     : Will secure Ant [pattern='/css/**'] with []
2024-06-13 12:31:41.257  INFO 30264 --- [restartedMain] o.s.s.web.DefaultSecurityFilterChain     : Will secure any request with [org.springframework.security.web.context.request.async.WebAsyncManagerIntegrationFilter@67a0dfe3, org.springframework.security.web.context.SecurityContextPersistenceFilter@445d931f, org.springframework.security.web.header.HeaderWriterFilter@65456e29, org.springframework.security.web.csrf.CsrfFilter@70462db0, org.springframework.security.web.authentication.logout.LogoutFilter@21ef34c8, org.springframework.security.oauth2.client.web.OAuth2AuthorizationRequestRedirectFilter@3e2c70f8, org.springframework.security.oauth2.client.web.OAuth2LoginAuthenticationFilter@ff062a4, org.springframework.security.web.authentication.UsernamePasswordAuthenticationFilter@6cf655f0, org.springframework.security.web.savedrequest.RequestCacheAwareFilter@6eb62426, org.springframework.security.web.servletapi.SecurityContextHolderAwareRequestFilter@766fe318, org.springframework.security.web.authentication.rememberme.RememberMeAuthenticationFilter@3ad6c3f1, org.springframework.security.web.authentication.AnonymousAuthenticationFilter@6b4964f1, org.springframework.security.web.session.SessionManagementFilter@17580bdf, org.springframework.security.web.access.ExceptionTranslationFilter@74a112ff, org.springframework.security.web.access.intercept.FilterSecurityInterceptor@79047074]
2024-06-13 12:31:41.370  INFO 30264 --- [restartedMain] o.s.s.concurrent.ThreadPoolTaskExecutor  : Initializing ExecutorService 'applicationTaskExecutor'
2024-06-13 12:31:41.477  INFO 30264 --- [restartedMain] o.s.b.a.w.s.WelcomePageHandlerMapping    : Adding welcome page template: index
2024-06-13 12:31:41.994  INFO 30264 --- [restartedMain] o.s.b.w.embedded.tomcat.TomcatWebServer  : Tomcat started on port(s): 80 (http) with context path '/VerginiyaShop'
2024-06-13 12:31:42.004  INFO 30264 --- [restartedMain] c.s.VerginiyaShopFrontEndApplication     : Started VerginiyaShopFrontEndApplication in 8.264 seconds (JVM running for 8.862)
2024-06-13 12:32:26.237  INFO 30264 --- [http-nio-80-exec-1] o.a.c.c.C.[.[.[/VerginiyaShop]           : Initializing Spring DispatcherServlet 'dispatcherServlet'
2024-06-13 12:32:26.238  INFO 30264 --- [http-nio-80-exec-1] o.s.web.servlet.DispatcherServlet        : Initializing Servlet 'dispatcherServlet'
2024-06-13 12:32:26.239  INFO 30264 --- [http-nio-80-exec-1] o.s.web.servlet.DispatcherServlet        : Completed initialization in 1 ms
2024-06-13 12:32:26.244  INFO 30264 --- [http-nio-80-exec-1] com.shopme.filter.SettingFilter          : SettingFilter | doFilter is called
2024-06-13 12:32:26.245  INFO 30264 --- [http-nio-80-exec-1] com.shopme.filter.SettingFilter          : SettingFilter | doFilter | url : http://localhost/VerginiyaShop/register
2024-06-13 12:32:26.246  INFO 30264 --- [http-nio-80-exec-1] com.shopme.filter.SettingFilter          : SettingFilter | loadGeneralSettings is called
2024-06-13 12:32:26.302  INFO 30264 --- [http-nio-80-exec-1] com.shopme.filter.SettingFilter          : SettingFilter | loadGeneralSettings | generalSettings : [Setting [key=COPYRIGHT, value=Copyright (C) 2021 Verginiyashop Ltd.], Setting [key=CURRENCY_ID, value=1], Setting [key=CURRENCY_SYMBOL, value=$], Setting [key=CURRENCY_SYMBOL_POSITION, value=before], Setting [key=DECIMAL_DIGITS, value=2], Setting [key=DECIMAL_POINT_TYPE, value=POINT], Setting [key=SITE_LOGO, value=VerginiyashopAdminSmall.png], Setting [key=SITE_NAME, value=Verginiyashop], Setting [key=THOUSANDS_POINT_TYPE, value=COMMA]]
2024-06-13 12:32:26.302  INFO 30264 --- [http-nio-80-exec-1] com.shopme.filter.SettingFilter          : SettingFilter | loadGeneralSettings | generalSettings : [Setting [key=COPYRIGHT, value=Copyright (C) 2021 Verginiyashop Ltd.], Setting [key=CURRENCY_ID, value=1], Setting [key=CURRENCY_SYMBOL, value=$], Setting [key=CURRENCY_SYMBOL_POSITION, value=before], Setting [key=DECIMAL_DIGITS, value=2], Setting [key=DECIMAL_POINT_TYPE, value=POINT], Setting [key=SITE_LOGO, value=VerginiyashopAdminSmall.png], Setting [key=SITE_NAME, value=Verginiyashop], Setting [key=THOUSANDS_POINT_TYPE, value=COMMA]]
2024-06-13 12:32:26.302  INFO 30264 --- [http-nio-80-exec-1] com.shopme.filter.SettingFilter          : SettingFilter | loadGeneralSettings | generalSettings : [Setting [key=COPYRIGHT, value=Copyright (C) 2021 Verginiyashop Ltd.], Setting [key=CURRENCY_ID, value=1], Setting [key=CURRENCY_SYMBOL, value=$], Setting [key=CURRENCY_SYMBOL_POSITION, value=before], Setting [key=DECIMAL_DIGITS, value=2], Setting [key=DECIMAL_POINT_TYPE, value=POINT], Setting [key=SITE_LOGO, value=VerginiyashopAdminSmall.png], Setting [key=SITE_NAME, value=Verginiyashop], Setting [key=THOUSANDS_POINT_TYPE, value=COMMA]]
2024-06-13 12:32:26.304  INFO 30264 --- [http-nio-80-exec-1] com.shopme.filter.SettingFilter          : SettingFilter | loadGeneralSettings | generalSettings : [Setting [key=COPYRIGHT, value=Copyright (C) 2021 Verginiyashop Ltd.], Setting [key=CURRENCY_ID, value=1], Setting [key=CURRENCY_SYMBOL, value=$], Setting [key=CURRENCY_SYMBOL_POSITION, value=before], Setting [key=DECIMAL_DIGITS, value=2], Setting [key=DECIMAL_POINT_TYPE, value=POINT], Setting [key=SITE_LOGO, value=VerginiyashopAdminSmall.png], Setting [key=SITE_NAME, value=Verginiyashop], Setting [key=THOUSANDS_POINT_TYPE, value=COMMA]]
2024-06-13 12:32:26.305  INFO 30264 --- [http-nio-80-exec-1] com.shopme.filter.SettingFilter          : SettingFilter | loadGeneralSettings | generalSettings : [Setting [key=COPYRIGHT, value=Copyright (C) 2021 Verginiyashop Ltd.], Setting [key=CURRENCY_ID, value=1], Setting [key=CURRENCY_SYMBOL, value=$], Setting [key=CURRENCY_SYMBOL_POSITION, value=before], Setting [key=DECIMAL_DIGITS, value=2], Setting [key=DECIMAL_POINT_TYPE, value=POINT], Setting [key=SITE_LOGO, value=VerginiyashopAdminSmall.png], Setting [key=SITE_NAME, value=Verginiyashop], Setting [key=THOUSANDS_POINT_TYPE, value=COMMA]]
2024-06-13 12:32:26.306  INFO 30264 --- [http-nio-80-exec-1] com.shopme.filter.SettingFilter          : SettingFilter | loadGeneralSettings | generalSettings : [Setting [key=COPYRIGHT, value=Copyright (C) 2021 Verginiyashop Ltd.], Setting [key=CURRENCY_ID, value=1], Setting [key=CURRENCY_SYMBOL, value=$], Setting [key=CURRENCY_SYMBOL_POSITION, value=before], Setting [key=DECIMAL_DIGITS, value=2], Setting [key=DECIMAL_POINT_TYPE, value=POINT], Setting [key=SITE_LOGO, value=VerginiyashopAdminSmall.png], Setting [key=SITE_NAME, value=Verginiyashop], Setting [key=THOUSANDS_POINT_TYPE, value=COMMA]]
2024-06-13 12:32:26.306  INFO 30264 --- [http-nio-80-exec-1] com.shopme.filter.SettingFilter          : SettingFilter | loadGeneralSettings | generalSettings : [Setting [key=COPYRIGHT, value=Copyright (C) 2021 Verginiyashop Ltd.], Setting [key=CURRENCY_ID, value=1], Setting [key=CURRENCY_SYMBOL, value=$], Setting [key=CURRENCY_SYMBOL_POSITION, value=before], Setting [key=DECIMAL_DIGITS, value=2], Setting [key=DECIMAL_POINT_TYPE, value=POINT], Setting [key=SITE_LOGO, value=VerginiyashopAdminSmall.png], Setting [key=SITE_NAME, value=Verginiyashop], Setting [key=THOUSANDS_POINT_TYPE, value=COMMA]]
2024-06-13 12:32:26.306  INFO 30264 --- [http-nio-80-exec-1] com.shopme.filter.SettingFilter          : SettingFilter | loadGeneralSettings | generalSettings : [Setting [key=COPYRIGHT, value=Copyright (C) 2021 Verginiyashop Ltd.], Setting [key=CURRENCY_ID, value=1], Setting [key=CURRENCY_SYMBOL, value=$], Setting [key=CURRENCY_SYMBOL_POSITION, value=before], Setting [key=DECIMAL_DIGITS, value=2], Setting [key=DECIMAL_POINT_TYPE, value=POINT], Setting [key=SITE_LOGO, value=VerginiyashopAdminSmall.png], Setting [key=SITE_NAME, value=Verginiyashop], Setting [key=THOUSANDS_POINT_TYPE, value=COMMA]]
2024-06-13 12:32:26.306  INFO 30264 --- [http-nio-80-exec-1] com.shopme.filter.SettingFilter          : SettingFilter | loadGeneralSettings | generalSettings : [Setting [key=COPYRIGHT, value=Copyright (C) 2021 Verginiyashop Ltd.], Setting [key=CURRENCY_ID, value=1], Setting [key=CURRENCY_SYMBOL, value=$], Setting [key=CURRENCY_SYMBOL_POSITION, value=before], Setting [key=DECIMAL_DIGITS, value=2], Setting [key=DECIMAL_POINT_TYPE, value=POINT], Setting [key=SITE_LOGO, value=VerginiyashopAdminSmall.png], Setting [key=SITE_NAME, value=Verginiyashop], Setting [key=THOUSANDS_POINT_TYPE, value=COMMA]]
2024-06-13 12:32:26.307  INFO 30264 --- [http-nio-80-exec-1] com.shopme.common.constants.Constants    : VerginiyaShopCommon | Constants | bucketName : null
2024-06-13 12:32:26.308  INFO 30264 --- [http-nio-80-exec-1] com.shopme.common.constants.Constants    : VerginiyaShopCommon | Constants | region : null
2024-06-13 12:32:26.308  INFO 30264 --- [http-nio-80-exec-1] com.shopme.common.constants.Constants    : VerginiyaShopCommon | S3_BASE_URI | S3_BASE_URI : 
2024-06-13 12:32:26.309  INFO 30264 --- [http-nio-80-exec-1] com.shopme.filter.SettingFilter          : SettingFilter | loadMenuSettings is called
2024-06-13 12:32:26.340  INFO 30264 --- [http-nio-80-exec-1] com.shopme.filter.SettingFilter          : SettingFilter | loadMenuSettings | headerMenuItems size : 0
2024-06-13 12:32:26.342  INFO 30264 --- [http-nio-80-exec-1] com.shopme.filter.SettingFilter          : SettingFilter | loadMenuSettings | footerMenuItems size : 0
2024-06-13 12:32:26.404  INFO 30264 --- [http-nio-80-exec-1] c.shopme.controller.CustomerController   : CustomerController | showRegisterForm is called
2024-06-13 12:32:26.429  INFO 30264 --- [http-nio-80-exec-1] c.shopme.controller.CustomerController   : CustomerController | listCountries : [Country [id=2, name=China, code=CN], Country [id=3, name=China, code=CN], Country [id=4, name=China, code=CN], Country [id=6, name=China, code=CN], Country [id=7, name=China, code=CN], Country [id=8, name=China, code=CN], Country [id=9, name=China, code=CN], Country [id=10, name=China, code=CN], Country [id=11, name=China, code=CN], Country [id=12, name=China, code=CN], Country [id=13, name=China, code=CN], Country [id=14, name=China, code=CN], Country [id=15, name=China, code=CN], Country [id=16, name=China, code=CN], Country [id=17, name=China, code=CN], Country [id=18, name=China, code=CN], Country [id=19, name=China, code=CN], Country [id=20, name=China, code=CN], Country [id=21, name=China, code=CN], Country [id=22, name=China, code=CN], Country [id=23, name=China, code=CN], Country [id=1, name=Republic of India, code=CN]]
2024-06-13 12:32:26.827  INFO 30264 --- [http-nio-80-exec-2] com.shopme.filter.SettingFilter          : SettingFilter | doFilter is called
2024-06-13 12:32:26.828  INFO 30264 --- [http-nio-80-exec-2] com.shopme.filter.SettingFilter          : SettingFilter | doFilter | url : http://localhost/VerginiyaShop/webjars/bootstrap/4.3.1/css/bootstrap.min.css
2024-06-13 12:32:26.828  INFO 30264 --- [http-nio-80-exec-3] com.shopme.filter.SettingFilter          : SettingFilter | doFilter is called
2024-06-13 12:32:26.828  INFO 30264 --- [http-nio-80-exec-2] com.shopme.filter.SettingFilter          : SettingFilter | doFilter | .css , .js , .png , . jpg | url : http://localhost/VerginiyaShop/webjars/bootstrap/4.3.1/css/bootstrap.min.css
2024-06-13 12:32:26.828  INFO 30264 --- [http-nio-80-exec-3] com.shopme.filter.SettingFilter          : SettingFilter | doFilter | url : http://localhost/VerginiyaShop/fontawesome/all.css
2024-06-13 12:32:26.829  INFO 30264 --- [http-nio-80-exec-3] com.shopme.filter.SettingFilter          : SettingFilter | doFilter | .css , .js , .png , . jpg | url : http://localhost/VerginiyaShop/fontawesome/all.css
2024-06-13 12:32:26.830  INFO 30264 --- [http-nio-80-exec-5] com.shopme.filter.SettingFilter          : SettingFilter | doFilter is called
2024-06-13 12:32:26.830  INFO 30264 --- [http-nio-80-exec-9] com.shopme.filter.SettingFilter          : SettingFilter | doFilter is called
2024-06-13 12:32:26.830  INFO 30264 --- [http-nio-80-exec-7] com.shopme.filter.SettingFilter          : SettingFilter | doFilter is called
2024-06-13 12:32:26.830  INFO 30264 --- [http-nio-80-exec-6] com.shopme.filter.SettingFilter          : SettingFilter | doFilter is called
2024-06-13 12:32:26.831  INFO 30264 --- [http-nio-80-exec-7] com.shopme.filter.SettingFilter          : SettingFilter | doFilter | url : http://localhost/VerginiyaShop/VerginiyashopAdminSmall.png
2024-06-13 12:32:26.831  INFO 30264 --- [http-nio-80-exec-9] com.shopme.filter.SettingFilter          : SettingFilter | doFilter | url : http://localhost/VerginiyaShop/css/styles.css
2024-06-13 12:32:26.831  INFO 30264 --- [http-nio-80-exec-5] com.shopme.filter.SettingFilter          : SettingFilter | doFilter | url : http://localhost/VerginiyaShop/webjars/jquery/3.4.1/jquery.min.js
2024-06-13 12:32:26.831  INFO 30264 --- [http-nio-80-exec-6] com.shopme.filter.SettingFilter          : SettingFilter | doFilter | url : http://localhost/VerginiyaShop/webjars/bootstrap/4.3.1/js/bootstrap.min.js
2024-06-13 12:32:26.831  INFO 30264 --- [http-nio-80-exec-7] com.shopme.filter.SettingFilter          : SettingFilter | doFilter | .css , .js , .png , . jpg | url : http://localhost/VerginiyaShop/VerginiyashopAdminSmall.png
2024-06-13 12:32:26.833  INFO 30264 --- [http-nio-80-exec-9] com.shopme.filter.SettingFilter          : SettingFilter | doFilter | .css , .js , .png , . jpg | url : http://localhost/VerginiyaShop/css/styles.css
2024-06-13 12:32:26.833  INFO 30264 --- [http-nio-80-exec-6] com.shopme.filter.SettingFilter          : SettingFilter | doFilter | .css , .js , .png , . jpg | url : http://localhost/VerginiyaShop/webjars/bootstrap/4.3.1/js/bootstrap.min.js
2024-06-13 12:32:26.833  INFO 30264 --- [http-nio-80-exec-5] com.shopme.filter.SettingFilter          : SettingFilter | doFilter | .css , .js , .png , . jpg | url : http://localhost/VerginiyaShop/webjars/jquery/3.4.1/jquery.min.js
2024-06-13 12:32:26.855  INFO 30264 --- [http-nio-80-exec-8] com.shopme.filter.SettingFilter          : SettingFilter | doFilter is called
2024-06-13 12:32:26.857  INFO 30264 --- [http-nio-80-exec-8] com.shopme.filter.SettingFilter          : SettingFilter | doFilter | url : http://localhost/VerginiyaShop/js/common_customer_form.js
2024-06-13 12:32:26.857  INFO 30264 --- [http-nio-80-exec-8] com.shopme.filter.SettingFilter          : SettingFilter | doFilter | .css , .js , .png , . jpg | url : http://localhost/VerginiyaShop/js/common_customer_form.js
2024-06-13 12:32:26.866  INFO 30264 --- [http-nio-80-exec-4] com.shopme.filter.SettingFilter          : SettingFilter | doFilter is called
2024-06-13 12:32:26.867  INFO 30264 --- [http-nio-80-exec-4] com.shopme.filter.SettingFilter          : SettingFilter | doFilter | url : http://localhost/VerginiyaShop/js/common_modal.js
2024-06-13 12:32:26.867  INFO 30264 --- [http-nio-80-exec-4] com.shopme.filter.SettingFilter          : SettingFilter | doFilter | .css , .js , .png , . jpg | url : http://localhost/VerginiyaShop/js/common_modal.js
2024-06-13 12:32:26.875  INFO 30264 --- [http-nio-80-exec-10] com.shopme.filter.SettingFilter          : SettingFilter | doFilter is called
2024-06-13 12:32:26.876  INFO 30264 --- [http-nio-80-exec-10] com.shopme.filter.SettingFilter          : SettingFilter | doFilter | url : http://localhost/VerginiyaShop/js/register.js
2024-06-13 12:32:26.876  INFO 30264 --- [http-nio-80-exec-10] com.shopme.filter.SettingFilter          : SettingFilter | doFilter | .css , .js , .png , . jpg | url : http://localhost/VerginiyaShop/js/register.js
2024-06-13 12:32:28.960  INFO 30264 --- [http-nio-80-exec-4] com.shopme.filter.SettingFilter          : SettingFilter | doFilter is called
2024-06-13 12:32:28.961  INFO 30264 --- [http-nio-80-exec-4] com.shopme.filter.SettingFilter          : SettingFilter | doFilter | url : http://localhost/VerginiyaShop/register
2024-06-13 12:32:28.962  INFO 30264 --- [http-nio-80-exec-4] com.shopme.filter.SettingFilter          : SettingFilter | loadGeneralSettings is called
2024-06-13 12:32:28.969  INFO 30264 --- [http-nio-80-exec-4] com.shopme.filter.SettingFilter          : SettingFilter | loadGeneralSettings | generalSettings : [Setting [key=COPYRIGHT, value=Copyright (C) 2021 Verginiyashop Ltd.], Setting [key=CURRENCY_ID, value=1], Setting [key=CURRENCY_SYMBOL, value=$], Setting [key=CURRENCY_SYMBOL_POSITION, value=before], Setting [key=DECIMAL_DIGITS, value=2], Setting [key=DECIMAL_POINT_TYPE, value=POINT], Setting [key=SITE_LOGO, value=VerginiyashopAdminSmall.png], Setting [key=SITE_NAME, value=Verginiyashop], Setting [key=THOUSANDS_POINT_TYPE, value=COMMA]]
2024-06-13 12:32:28.970  INFO 30264 --- [http-nio-80-exec-4] com.shopme.filter.SettingFilter          : SettingFilter | loadGeneralSettings | generalSettings : [Setting [key=COPYRIGHT, value=Copyright (C) 2021 Verginiyashop Ltd.], Setting [key=CURRENCY_ID, value=1], Setting [key=CURRENCY_SYMBOL, value=$], Setting [key=CURRENCY_SYMBOL_POSITION, value=before], Setting [key=DECIMAL_DIGITS, value=2], Setting [key=DECIMAL_POINT_TYPE, value=POINT], Setting [key=SITE_LOGO, value=VerginiyashopAdminSmall.png], Setting [key=SITE_NAME, value=Verginiyashop], Setting [key=THOUSANDS_POINT_TYPE, value=COMMA]]
2024-06-13 12:32:28.970  INFO 30264 --- [http-nio-80-exec-4] com.shopme.filter.SettingFilter          : SettingFilter | loadGeneralSettings | generalSettings : [Setting [key=COPYRIGHT, value=Copyright (C) 2021 Verginiyashop Ltd.], Setting [key=CURRENCY_ID, value=1], Setting [key=CURRENCY_SYMBOL, value=$], Setting [key=CURRENCY_SYMBOL_POSITION, value=before], Setting [key=DECIMAL_DIGITS, value=2], Setting [key=DECIMAL_POINT_TYPE, value=POINT], Setting [key=SITE_LOGO, value=VerginiyashopAdminSmall.png], Setting [key=SITE_NAME, value=Verginiyashop], Setting [key=THOUSANDS_POINT_TYPE, value=COMMA]]
2024-06-13 12:32:28.971  INFO 30264 --- [http-nio-80-exec-4] com.shopme.filter.SettingFilter          : SettingFilter | loadGeneralSettings | generalSettings : [Setting [key=COPYRIGHT, value=Copyright (C) 2021 Verginiyashop Ltd.], Setting [key=CURRENCY_ID, value=1], Setting [key=CURRENCY_SYMBOL, value=$], Setting [key=CURRENCY_SYMBOL_POSITION, value=before], Setting [key=DECIMAL_DIGITS, value=2], Setting [key=DECIMAL_POINT_TYPE, value=POINT], Setting [key=SITE_LOGO, value=VerginiyashopAdminSmall.png], Setting [key=SITE_NAME, value=Verginiyashop], Setting [key=THOUSANDS_POINT_TYPE, value=COMMA]]
2024-06-13 12:32:28.971  INFO 30264 --- [http-nio-80-exec-4] com.shopme.filter.SettingFilter          : SettingFilter | loadGeneralSettings | generalSettings : [Setting [key=COPYRIGHT, value=Copyright (C) 2021 Verginiyashop Ltd.], Setting [key=CURRENCY_ID, value=1], Setting [key=CURRENCY_SYMBOL, value=$], Setting [key=CURRENCY_SYMBOL_POSITION, value=before], Setting [key=DECIMAL_DIGITS, value=2], Setting [key=DECIMAL_POINT_TYPE, value=POINT], Setting [key=SITE_LOGO, value=VerginiyashopAdminSmall.png], Setting [key=SITE_NAME, value=Verginiyashop], Setting [key=THOUSANDS_POINT_TYPE, value=COMMA]]
2024-06-13 12:32:28.972  INFO 30264 --- [http-nio-80-exec-4] com.shopme.filter.SettingFilter          : SettingFilter | loadGeneralSettings | generalSettings : [Setting [key=COPYRIGHT, value=Copyright (C) 2021 Verginiyashop Ltd.], Setting [key=CURRENCY_ID, value=1], Setting [key=CURRENCY_SYMBOL, value=$], Setting [key=CURRENCY_SYMBOL_POSITION, value=before], Setting [key=DECIMAL_DIGITS, value=2], Setting [key=DECIMAL_POINT_TYPE, value=POINT], Setting [key=SITE_LOGO, value=VerginiyashopAdminSmall.png], Setting [key=SITE_NAME, value=Verginiyashop], Setting [key=THOUSANDS_POINT_TYPE, value=COMMA]]
2024-06-13 12:32:28.972  INFO 30264 --- [http-nio-80-exec-4] com.shopme.filter.SettingFilter          : SettingFilter | loadGeneralSettings | generalSettings : [Setting [key=COPYRIGHT, value=Copyright (C) 2021 Verginiyashop Ltd.], Setting [key=CURRENCY_ID, value=1], Setting [key=CURRENCY_SYMBOL, value=$], Setting [key=CURRENCY_SYMBOL_POSITION, value=before], Setting [key=DECIMAL_DIGITS, value=2], Setting [key=DECIMAL_POINT_TYPE, value=POINT], Setting [key=SITE_LOGO, value=VerginiyashopAdminSmall.png], Setting [key=SITE_NAME, value=Verginiyashop], Setting [key=THOUSANDS_POINT_TYPE, value=COMMA]]
2024-06-13 12:32:28.972  INFO 30264 --- [http-nio-80-exec-4] com.shopme.filter.SettingFilter          : SettingFilter | loadGeneralSettings | generalSettings : [Setting [key=COPYRIGHT, value=Copyright (C) 2021 Verginiyashop Ltd.], Setting [key=CURRENCY_ID, value=1], Setting [key=CURRENCY_SYMBOL, value=$], Setting [key=CURRENCY_SYMBOL_POSITION, value=before], Setting [key=DECIMAL_DIGITS, value=2], Setting [key=DECIMAL_POINT_TYPE, value=POINT], Setting [key=SITE_LOGO, value=VerginiyashopAdminSmall.png], Setting [key=SITE_NAME, value=Verginiyashop], Setting [key=THOUSANDS_POINT_TYPE, value=COMMA]]
2024-06-13 12:32:28.974  INFO 30264 --- [http-nio-80-exec-4] com.shopme.filter.SettingFilter          : SettingFilter | loadGeneralSettings | generalSettings : [Setting [key=COPYRIGHT, value=Copyright (C) 2021 Verginiyashop Ltd.], Setting [key=CURRENCY_ID, value=1], Setting [key=CURRENCY_SYMBOL, value=$], Setting [key=CURRENCY_SYMBOL_POSITION, value=before], Setting [key=DECIMAL_DIGITS, value=2], Setting [key=DECIMAL_POINT_TYPE, value=POINT], Setting [key=SITE_LOGO, value=VerginiyashopAdminSmall.png], Setting [key=SITE_NAME, value=Verginiyashop], Setting [key=THOUSANDS_POINT_TYPE, value=COMMA]]
2024-06-13 12:32:28.974  INFO 30264 --- [http-nio-80-exec-4] com.shopme.filter.SettingFilter          : SettingFilter | loadMenuSettings is called
2024-06-13 12:32:28.977  INFO 30264 --- [http-nio-80-exec-4] com.shopme.filter.SettingFilter          : SettingFilter | loadMenuSettings | headerMenuItems size : 0
2024-06-13 12:32:28.980  INFO 30264 --- [http-nio-80-exec-4] com.shopme.filter.SettingFilter          : SettingFilter | loadMenuSettings | footerMenuItems size : 0
2024-06-13 12:32:28.982  INFO 30264 --- [http-nio-80-exec-4] c.shopme.controller.CustomerController   : CustomerController | showRegisterForm is called
2024-06-13 12:32:28.988  INFO 30264 --- [http-nio-80-exec-4] c.shopme.controller.CustomerController   : CustomerController | listCountries : [Country [id=2, name=China, code=CN], Country [id=3, name=China, code=CN], Country [id=4, name=China, code=CN], Country [id=6, name=China, code=CN], Country [id=7, name=China, code=CN], Country [id=8, name=China, code=CN], Country [id=9, name=China, code=CN], Country [id=10, name=China, code=CN], Country [id=11, name=China, code=CN], Country [id=12, name=China, code=CN], Country [id=13, name=China, code=CN], Country [id=14, name=China, code=CN], Country [id=15, name=China, code=CN], Country [id=16, name=China, code=CN], Country [id=17, name=China, code=CN], Country [id=18, name=China, code=CN], Country [id=19, name=China, code=CN], Country [id=20, name=China, code=CN], Country [id=21, name=China, code=CN], Country [id=22, name=China, code=CN], Country [id=23, name=China, code=CN], Country [id=1, name=Republic of India, code=CN]]
2024-06-13 12:32:29.042  INFO 30264 --- [http-nio-80-exec-10] com.shopme.filter.SettingFilter          : SettingFilter | doFilter is called
2024-06-13 12:32:29.043  INFO 30264 --- [http-nio-80-exec-7] com.shopme.filter.SettingFilter          : SettingFilter | doFilter is called
2024-06-13 12:32:29.043  INFO 30264 --- [http-nio-80-exec-7] com.shopme.filter.SettingFilter          : SettingFilter | doFilter | url : http://localhost/VerginiyaShop/fontawesome/all.css
2024-06-13 12:32:29.043  INFO 30264 --- [http-nio-80-exec-10] com.shopme.filter.SettingFilter          : SettingFilter | doFilter | url : http://localhost/VerginiyaShop/webjars/bootstrap/4.3.1/css/bootstrap.min.css
2024-06-13 12:32:29.043  INFO 30264 --- [http-nio-80-exec-7] com.shopme.filter.SettingFilter          : SettingFilter | doFilter | .css , .js , .png , . jpg | url : http://localhost/VerginiyaShop/fontawesome/all.css
2024-06-13 12:32:29.044  INFO 30264 --- [http-nio-80-exec-10] com.shopme.filter.SettingFilter          : SettingFilter | doFilter | .css , .js , .png , . jpg | url : http://localhost/VerginiyaShop/webjars/bootstrap/4.3.1/css/bootstrap.min.css
2024-06-13 12:32:29.044  INFO 30264 --- [http-nio-80-exec-9] com.shopme.filter.SettingFilter          : SettingFilter | doFilter is called
2024-06-13 12:32:29.044  INFO 30264 --- [http-nio-80-exec-9] com.shopme.filter.SettingFilter          : SettingFilter | doFilter | url : http://localhost/VerginiyaShop/css/styles.css
2024-06-13 12:32:29.044  INFO 30264 --- [http-nio-80-exec-9] com.shopme.filter.SettingFilter          : SettingFilter | doFilter | .css , .js , .png , . jpg | url : http://localhost/VerginiyaShop/css/styles.css
2024-06-13 12:32:29.046  INFO 30264 --- [http-nio-80-exec-2] com.shopme.filter.SettingFilter          : SettingFilter | doFilter is called
2024-06-13 12:32:29.046  INFO 30264 --- [http-nio-80-exec-5] com.shopme.filter.SettingFilter          : SettingFilter | doFilter is called
2024-06-13 12:32:29.046  INFO 30264 --- [http-nio-80-exec-8] com.shopme.filter.SettingFilter          : SettingFilter | doFilter is called
2024-06-13 12:32:29.047  INFO 30264 --- [http-nio-80-exec-2] com.shopme.filter.SettingFilter          : SettingFilter | doFilter | url : http://localhost/VerginiyaShop/webjars/jquery/3.4.1/jquery.min.js
2024-06-13 12:32:29.047  INFO 30264 --- [http-nio-80-exec-5] com.shopme.filter.SettingFilter          : SettingFilter | doFilter | url : http://localhost/VerginiyaShop/VerginiyashopAdminSmall.png
2024-06-13 12:32:29.047  INFO 30264 --- [http-nio-80-exec-8] com.shopme.filter.SettingFilter          : SettingFilter | doFilter | url : http://localhost/VerginiyaShop/webjars/bootstrap/4.3.1/js/bootstrap.min.js
2024-06-13 12:32:29.047  INFO 30264 --- [http-nio-80-exec-2] com.shopme.filter.SettingFilter          : SettingFilter | doFilter | .css , .js , .png , . jpg | url : http://localhost/VerginiyaShop/webjars/jquery/3.4.1/jquery.min.js
2024-06-13 12:32:29.047  INFO 30264 --- [http-nio-80-exec-5] com.shopme.filter.SettingFilter          : SettingFilter | doFilter | .css , .js , .png , . jpg | url : http://localhost/VerginiyaShop/VerginiyashopAdminSmall.png
2024-06-13 12:32:29.048  INFO 30264 --- [http-nio-80-exec-8] com.shopme.filter.SettingFilter          : SettingFilter | doFilter | .css , .js , .png , . jpg | url : http://localhost/VerginiyaShop/webjars/bootstrap/4.3.1/js/bootstrap.min.js
2024-06-13 12:32:29.058  INFO 30264 --- [http-nio-80-exec-6] com.shopme.filter.SettingFilter          : SettingFilter | doFilter is called
2024-06-13 12:32:29.058  INFO 30264 --- [http-nio-80-exec-6] com.shopme.filter.SettingFilter          : SettingFilter | doFilter | url : http://localhost/VerginiyaShop/js/common_customer_form.js
2024-06-13 12:32:29.058  INFO 30264 --- [http-nio-80-exec-6] com.shopme.filter.SettingFilter          : SettingFilter | doFilter | .css , .js , .png , . jpg | url : http://localhost/VerginiyaShop/js/common_customer_form.js
2024-06-13 12:32:29.063  INFO 30264 --- [http-nio-80-exec-1] com.shopme.filter.SettingFilter          : SettingFilter | doFilter is called
2024-06-13 12:32:29.063  INFO 30264 --- [http-nio-80-exec-1] com.shopme.filter.SettingFilter          : SettingFilter | doFilter | url : http://localhost/VerginiyaShop/js/common_modal.js
2024-06-13 12:32:29.064  INFO 30264 --- [http-nio-80-exec-1] com.shopme.filter.SettingFilter          : SettingFilter | doFilter | .css , .js , .png , . jpg | url : http://localhost/VerginiyaShop/js/common_modal.js
2024-06-13 12:32:29.066  INFO 30264 --- [http-nio-80-exec-3] com.shopme.filter.SettingFilter          : SettingFilter | doFilter is called
2024-06-13 12:32:29.067  INFO 30264 --- [http-nio-80-exec-3] com.shopme.filter.SettingFilter          : SettingFilter | doFilter | url : http://localhost/VerginiyaShop/js/register.js
2024-06-13 12:32:29.067  INFO 30264 --- [http-nio-80-exec-3] com.shopme.filter.SettingFilter          : SettingFilter | doFilter | .css , .js , .png , . jpg | url : http://localhost/VerginiyaShop/js/register.js
2024-06-13 12:32:30.978  INFO 30264 --- [http-nio-80-exec-4] com.shopme.filter.SettingFilter          : SettingFilter | doFilter is called
2024-06-13 12:32:30.980  INFO 30264 --- [http-nio-80-exec-4] com.shopme.filter.SettingFilter          : SettingFilter | doFilter | url : http://localhost/VerginiyaShop/login
2024-06-13 12:32:30.980  INFO 30264 --- [http-nio-80-exec-4] com.shopme.filter.SettingFilter          : SettingFilter | loadGeneralSettings is called
2024-06-13 12:32:30.987  INFO 30264 --- [http-nio-80-exec-4] com.shopme.filter.SettingFilter          : SettingFilter | loadGeneralSettings | generalSettings : [Setting [key=COPYRIGHT, value=Copyright (C) 2021 Verginiyashop Ltd.], Setting [key=CURRENCY_ID, value=1], Setting [key=CURRENCY_SYMBOL, value=$], Setting [key=CURRENCY_SYMBOL_POSITION, value=before], Setting [key=DECIMAL_DIGITS, value=2], Setting [key=DECIMAL_POINT_TYPE, value=POINT], Setting [key=SITE_LOGO, value=VerginiyashopAdminSmall.png], Setting [key=SITE_NAME, value=Verginiyashop], Setting [key=THOUSANDS_POINT_TYPE, value=COMMA]]
2024-06-13 12:32:30.987  INFO 30264 --- [http-nio-80-exec-4] com.shopme.filter.SettingFilter          : SettingFilter | loadGeneralSettings | generalSettings : [Setting [key=COPYRIGHT, value=Copyright (C) 2021 Verginiyashop Ltd.], Setting [key=CURRENCY_ID, value=1], Setting [key=CURRENCY_SYMBOL, value=$], Setting [key=CURRENCY_SYMBOL_POSITION, value=before], Setting [key=DECIMAL_DIGITS, value=2], Setting [key=DECIMAL_POINT_TYPE, value=POINT], Setting [key=SITE_LOGO, value=VerginiyashopAdminSmall.png], Setting [key=SITE_NAME, value=Verginiyashop], Setting [key=THOUSANDS_POINT_TYPE, value=COMMA]]
2024-06-13 12:32:30.988  INFO 30264 --- [http-nio-80-exec-4] com.shopme.filter.SettingFilter          : SettingFilter | loadGeneralSettings | generalSettings : [Setting [key=COPYRIGHT, value=Copyright (C) 2021 Verginiyashop Ltd.], Setting [key=CURRENCY_ID, value=1], Setting [key=CURRENCY_SYMBOL, value=$], Setting [key=CURRENCY_SYMBOL_POSITION, value=before], Setting [key=DECIMAL_DIGITS, value=2], Setting [key=DECIMAL_POINT_TYPE, value=POINT], Setting [key=SITE_LOGO, value=VerginiyashopAdminSmall.png], Setting [key=SITE_NAME, value=Verginiyashop], Setting [key=THOUSANDS_POINT_TYPE, value=COMMA]]
2024-06-13 12:32:30.988  INFO 30264 --- [http-nio-80-exec-4] com.shopme.filter.SettingFilter          : SettingFilter | loadGeneralSettings | generalSettings : [Setting [key=COPYRIGHT, value=Copyright (C) 2021 Verginiyashop Ltd.], Setting [key=CURRENCY_ID, value=1], Setting [key=CURRENCY_SYMBOL, value=$], Setting [key=CURRENCY_SYMBOL_POSITION, value=before], Setting [key=DECIMAL_DIGITS, value=2], Setting [key=DECIMAL_POINT_TYPE, value=POINT], Setting [key=SITE_LOGO, value=VerginiyashopAdminSmall.png], Setting [key=SITE_NAME, value=Verginiyashop], Setting [key=THOUSANDS_POINT_TYPE, value=COMMA]]
2024-06-13 12:32:30.988  INFO 30264 --- [http-nio-80-exec-4] com.shopme.filter.SettingFilter          : SettingFilter | loadGeneralSettings | generalSettings : [Setting [key=COPYRIGHT, value=Copyright (C) 2021 Verginiyashop Ltd.], Setting [key=CURRENCY_ID, value=1], Setting [key=CURRENCY_SYMBOL, value=$], Setting [key=CURRENCY_SYMBOL_POSITION, value=before], Setting [key=DECIMAL_DIGITS, value=2], Setting [key=DECIMAL_POINT_TYPE, value=POINT], Setting [key=SITE_LOGO, value=VerginiyashopAdminSmall.png], Setting [key=SITE_NAME, value=Verginiyashop], Setting [key=THOUSANDS_POINT_TYPE, value=COMMA]]
2024-06-13 12:32:30.989  INFO 30264 --- [http-nio-80-exec-4] com.shopme.filter.SettingFilter          : SettingFilter | loadGeneralSettings | generalSettings : [Setting [key=COPYRIGHT, value=Copyright (C) 2021 Verginiyashop Ltd.], Setting [key=CURRENCY_ID, value=1], Setting [key=CURRENCY_SYMBOL, value=$], Setting [key=CURRENCY_SYMBOL_POSITION, value=before], Setting [key=DECIMAL_DIGITS, value=2], Setting [key=DECIMAL_POINT_TYPE, value=POINT], Setting [key=SITE_LOGO, value=VerginiyashopAdminSmall.png], Setting [key=SITE_NAME, value=Verginiyashop], Setting [key=THOUSANDS_POINT_TYPE, value=COMMA]]
2024-06-13 12:32:30.990  INFO 30264 --- [http-nio-80-exec-4] com.shopme.filter.SettingFilter          : SettingFilter | loadGeneralSettings | generalSettings : [Setting [key=COPYRIGHT, value=Copyright (C) 2021 Verginiyashop Ltd.], Setting [key=CURRENCY_ID, value=1], Setting [key=CURRENCY_SYMBOL, value=$], Setting [key=CURRENCY_SYMBOL_POSITION, value=before], Setting [key=DECIMAL_DIGITS, value=2], Setting [key=DECIMAL_POINT_TYPE, value=POINT], Setting [key=SITE_LOGO, value=VerginiyashopAdminSmall.png], Setting [key=SITE_NAME, value=Verginiyashop], Setting [key=THOUSANDS_POINT_TYPE, value=COMMA]]
2024-06-13 12:32:30.990  INFO 30264 --- [http-nio-80-exec-4] com.shopme.filter.SettingFilter          : SettingFilter | loadGeneralSettings | generalSettings : [Setting [key=COPYRIGHT, value=Copyright (C) 2021 Verginiyashop Ltd.], Setting [key=CURRENCY_ID, value=1], Setting [key=CURRENCY_SYMBOL, value=$], Setting [key=CURRENCY_SYMBOL_POSITION, value=before], Setting [key=DECIMAL_DIGITS, value=2], Setting [key=DECIMAL_POINT_TYPE, value=POINT], Setting [key=SITE_LOGO, value=VerginiyashopAdminSmall.png], Setting [key=SITE_NAME, value=Verginiyashop], Setting [key=THOUSANDS_POINT_TYPE, value=COMMA]]
2024-06-13 12:32:30.990  INFO 30264 --- [http-nio-80-exec-4] com.shopme.filter.SettingFilter          : SettingFilter | loadGeneralSettings | generalSettings : [Setting [key=COPYRIGHT, value=Copyright (C) 2021 Verginiyashop Ltd.], Setting [key=CURRENCY_ID, value=1], Setting [key=CURRENCY_SYMBOL, value=$], Setting [key=CURRENCY_SYMBOL_POSITION, value=before], Setting [key=DECIMAL_DIGITS, value=2], Setting [key=DECIMAL_POINT_TYPE, value=POINT], Setting [key=SITE_LOGO, value=VerginiyashopAdminSmall.png], Setting [key=SITE_NAME, value=Verginiyashop], Setting [key=THOUSANDS_POINT_TYPE, value=COMMA]]
2024-06-13 12:32:30.990  INFO 30264 --- [http-nio-80-exec-4] com.shopme.filter.SettingFilter          : SettingFilter | loadMenuSettings is called
2024-06-13 12:32:30.992  INFO 30264 --- [http-nio-80-exec-4] com.shopme.filter.SettingFilter          : SettingFilter | loadMenuSettings | headerMenuItems size : 0
2024-06-13 12:32:30.996  INFO 30264 --- [http-nio-80-exec-4] com.shopme.filter.SettingFilter          : SettingFilter | loadMenuSettings | footerMenuItems size : 0
2024-06-13 12:32:30.998  INFO 30264 --- [http-nio-80-exec-4] com.shopme.controller.MainController     : MainController | viewLoginPage is called
2024-06-13 12:32:30.999  INFO 30264 --- [http-nio-80-exec-4] com.shopme.controller.MainController     : MainController | viewLoginPage | authentication : AnonymousAuthenticationToken [Principal=anonymousUser, Credentials=[PROTECTED], Authenticated=true, Details=WebAuthenticationDetails [RemoteIpAddress=0:0:0:0:0:0:0:1, SessionId=D7E64DC06631A259BE5D89E214DB26C1], Granted Authorities=[ROLE_ANONYMOUS]]
2024-06-13 12:32:30.999  INFO 30264 --- [http-nio-80-exec-4] com.shopme.controller.MainController     : MainController | viewLoginPage | authentication instanceof AnonymousAuthenticationToken : true
2024-06-13 12:32:31.052  INFO 30264 --- [http-nio-80-exec-7] com.shopme.filter.SettingFilter          : SettingFilter | doFilter is called
2024-06-13 12:32:31.052  INFO 30264 --- [http-nio-80-exec-10] com.shopme.filter.SettingFilter          : SettingFilter | doFilter is called
2024-06-13 12:32:31.052  INFO 30264 --- [http-nio-80-exec-9] com.shopme.filter.SettingFilter          : SettingFilter | doFilter is called
2024-06-13 12:32:31.052  INFO 30264 --- [http-nio-80-exec-8] com.shopme.filter.SettingFilter          : SettingFilter | doFilter is called
2024-06-13 12:32:31.052  INFO 30264 --- [http-nio-80-exec-7] com.shopme.filter.SettingFilter          : SettingFilter | doFilter | url : http://localhost/VerginiyaShop/webjars/bootstrap/4.3.1/css/bootstrap.min.css
2024-06-13 12:32:31.052  INFO 30264 --- [http-nio-80-exec-2] com.shopme.filter.SettingFilter          : SettingFilter | doFilter is called
2024-06-13 12:32:31.053  INFO 30264 --- [http-nio-80-exec-5] com.shopme.filter.SettingFilter          : SettingFilter | doFilter is called
2024-06-13 12:32:31.053  INFO 30264 --- [http-nio-80-exec-10] com.shopme.filter.SettingFilter          : SettingFilter | doFilter | url : http://localhost/VerginiyaShop/fontawesome/all.css
2024-06-13 12:32:31.053  INFO 30264 --- [http-nio-80-exec-9] com.shopme.filter.SettingFilter          : SettingFilter | doFilter | url : http://localhost/VerginiyaShop/webjars/jquery/3.4.1/jquery.min.js
2024-06-13 12:32:31.053  INFO 30264 --- [http-nio-80-exec-8] com.shopme.filter.SettingFilter          : SettingFilter | doFilter | url : http://localhost/VerginiyaShop/webjars/bootstrap/4.3.1/js/bootstrap.min.js
2024-06-13 12:32:31.053  INFO 30264 --- [http-nio-80-exec-7] com.shopme.filter.SettingFilter          : SettingFilter | doFilter | .css , .js , .png , . jpg | url : http://localhost/VerginiyaShop/webjars/bootstrap/4.3.1/css/bootstrap.min.css
2024-06-13 12:32:31.053  INFO 30264 --- [http-nio-80-exec-2] com.shopme.filter.SettingFilter          : SettingFilter | doFilter | url : http://localhost/VerginiyaShop/VerginiyashopAdminSmall.png
2024-06-13 12:32:31.053  INFO 30264 --- [http-nio-80-exec-5] com.shopme.filter.SettingFilter          : SettingFilter | doFilter | url : http://localhost/VerginiyaShop/css/styles.css
2024-06-13 12:32:31.053  INFO 30264 --- [http-nio-80-exec-10] com.shopme.filter.SettingFilter          : SettingFilter | doFilter | .css , .js , .png , . jpg | url : http://localhost/VerginiyaShop/fontawesome/all.css
2024-06-13 12:32:31.053  INFO 30264 --- [http-nio-80-exec-9] com.shopme.filter.SettingFilter          : SettingFilter | doFilter | .css , .js , .png , . jpg | url : http://localhost/VerginiyaShop/webjars/jquery/3.4.1/jquery.min.js
2024-06-13 12:32:31.053  INFO 30264 --- [http-nio-80-exec-8] com.shopme.filter.SettingFilter          : SettingFilter | doFilter | .css , .js , .png , . jpg | url : http://localhost/VerginiyaShop/webjars/bootstrap/4.3.1/js/bootstrap.min.js
2024-06-13 12:32:31.055  INFO 30264 --- [http-nio-80-exec-2] com.shopme.filter.SettingFilter          : SettingFilter | doFilter | .css , .js , .png , . jpg | url : http://localhost/VerginiyaShop/VerginiyashopAdminSmall.png
2024-06-13 12:32:31.055  INFO 30264 --- [http-nio-80-exec-5] com.shopme.filter.SettingFilter          : SettingFilter | doFilter | .css , .js , .png , . jpg | url : http://localhost/VerginiyaShop/css/styles.css
2024-06-13 12:32:31.086  INFO 30264 --- [http-nio-80-exec-6] com.shopme.filter.SettingFilter          : SettingFilter | doFilter is called
2024-06-13 12:32:31.086  INFO 30264 --- [http-nio-80-exec-6] com.shopme.filter.SettingFilter          : SettingFilter | doFilter | url : http://localhost/VerginiyaShop/webfonts/fa-brands-400.woff2
2024-06-13 12:32:31.086  INFO 30264 --- [http-nio-80-exec-6] com.shopme.filter.SettingFilter          : SettingFilter | loadGeneralSettings is called
2024-06-13 12:32:31.091  INFO 30264 --- [http-nio-80-exec-6] com.shopme.filter.SettingFilter          : SettingFilter | loadGeneralSettings | generalSettings : [Setting [key=COPYRIGHT, value=Copyright (C) 2021 Verginiyashop Ltd.], Setting [key=CURRENCY_ID, value=1], Setting [key=CURRENCY_SYMBOL, value=$], Setting [key=CURRENCY_SYMBOL_POSITION, value=before], Setting [key=DECIMAL_DIGITS, value=2], Setting [key=DECIMAL_POINT_TYPE, value=POINT], Setting [key=SITE_LOGO, value=VerginiyashopAdminSmall.png], Setting [key=SITE_NAME, value=Verginiyashop], Setting [key=THOUSANDS_POINT_TYPE, value=COMMA]]
2024-06-13 12:32:31.092  INFO 30264 --- [http-nio-80-exec-6] com.shopme.filter.SettingFilter          : SettingFilter | loadGeneralSettings | generalSettings : [Setting [key=COPYRIGHT, value=Copyright (C) 2021 Verginiyashop Ltd.], Setting [key=CURRENCY_ID, value=1], Setting [key=CURRENCY_SYMBOL, value=$], Setting [key=CURRENCY_SYMBOL_POSITION, value=before], Setting [key=DECIMAL_DIGITS, value=2], Setting [key=DECIMAL_POINT_TYPE, value=POINT], Setting [key=SITE_LOGO, value=VerginiyashopAdminSmall.png], Setting [key=SITE_NAME, value=Verginiyashop], Setting [key=THOUSANDS_POINT_TYPE, value=COMMA]]
2024-06-13 12:32:31.093  INFO 30264 --- [http-nio-80-exec-6] com.shopme.filter.SettingFilter          : SettingFilter | loadGeneralSettings | generalSettings : [Setting [key=COPYRIGHT, value=Copyright (C) 2021 Verginiyashop Ltd.], Setting [key=CURRENCY_ID, value=1], Setting [key=CURRENCY_SYMBOL, value=$], Setting [key=CURRENCY_SYMBOL_POSITION, value=before], Setting [key=DECIMAL_DIGITS, value=2], Setting [key=DECIMAL_POINT_TYPE, value=POINT], Setting [key=SITE_LOGO, value=VerginiyashopAdminSmall.png], Setting [key=SITE_NAME, value=Verginiyashop], Setting [key=THOUSANDS_POINT_TYPE, value=COMMA]]
2024-06-13 12:32:31.093  INFO 30264 --- [http-nio-80-exec-6] com.shopme.filter.SettingFilter          : SettingFilter | loadGeneralSettings | generalSettings : [Setting [key=COPYRIGHT, value=Copyright (C) 2021 Verginiyashop Ltd.], Setting [key=CURRENCY_ID, value=1], Setting [key=CURRENCY_SYMBOL, value=$], Setting [key=CURRENCY_SYMBOL_POSITION, value=before], Setting [key=DECIMAL_DIGITS, value=2], Setting [key=DECIMAL_POINT_TYPE, value=POINT], Setting [key=SITE_LOGO, value=VerginiyashopAdminSmall.png], Setting [key=SITE_NAME, value=Verginiyashop], Setting [key=THOUSANDS_POINT_TYPE, value=COMMA]]
2024-06-13 12:32:31.094  INFO 30264 --- [http-nio-80-exec-6] com.shopme.filter.SettingFilter          : SettingFilter | loadGeneralSettings | generalSettings : [Setting [key=COPYRIGHT, value=Copyright (C) 2021 Verginiyashop Ltd.], Setting [key=CURRENCY_ID, value=1], Setting [key=CURRENCY_SYMBOL, value=$], Setting [key=CURRENCY_SYMBOL_POSITION, value=before], Setting [key=DECIMAL_DIGITS, value=2], Setting [key=DECIMAL_POINT_TYPE, value=POINT], Setting [key=SITE_LOGO, value=VerginiyashopAdminSmall.png], Setting [key=SITE_NAME, value=Verginiyashop], Setting [key=THOUSANDS_POINT_TYPE, value=COMMA]]
2024-06-13 12:32:31.094  INFO 30264 --- [http-nio-80-exec-6] com.shopme.filter.SettingFilter          : SettingFilter | loadGeneralSettings | generalSettings : [Setting [key=COPYRIGHT, value=Copyright (C) 2021 Verginiyashop Ltd.], Setting [key=CURRENCY_ID, value=1], Setting [key=CURRENCY_SYMBOL, value=$], Setting [key=CURRENCY_SYMBOL_POSITION, value=before], Setting [key=DECIMAL_DIGITS, value=2], Setting [key=DECIMAL_POINT_TYPE, value=POINT], Setting [key=SITE_LOGO, value=VerginiyashopAdminSmall.png], Setting [key=SITE_NAME, value=Verginiyashop], Setting [key=THOUSANDS_POINT_TYPE, value=COMMA]]
2024-06-13 12:32:31.094  INFO 30264 --- [http-nio-80-exec-6] com.shopme.filter.SettingFilter          : SettingFilter | loadGeneralSettings | generalSettings : [Setting [key=COPYRIGHT, value=Copyright (C) 2021 Verginiyashop Ltd.], Setting [key=CURRENCY_ID, value=1], Setting [key=CURRENCY_SYMBOL, value=$], Setting [key=CURRENCY_SYMBOL_POSITION, value=before], Setting [key=DECIMAL_DIGITS, value=2], Setting [key=DECIMAL_POINT_TYPE, value=POINT], Setting [key=SITE_LOGO, value=VerginiyashopAdminSmall.png], Setting [key=SITE_NAME, value=Verginiyashop], Setting [key=THOUSANDS_POINT_TYPE, value=COMMA]]
2024-06-13 12:32:31.094  INFO 30264 --- [http-nio-80-exec-6] com.shopme.filter.SettingFilter          : SettingFilter | loadGeneralSettings | generalSettings : [Setting [key=COPYRIGHT, value=Copyright (C) 2021 Verginiyashop Ltd.], Setting [key=CURRENCY_ID, value=1], Setting [key=CURRENCY_SYMBOL, value=$], Setting [key=CURRENCY_SYMBOL_POSITION, value=before], Setting [key=DECIMAL_DIGITS, value=2], Setting [key=DECIMAL_POINT_TYPE, value=POINT], Setting [key=SITE_LOGO, value=VerginiyashopAdminSmall.png], Setting [key=SITE_NAME, value=Verginiyashop], Setting [key=THOUSANDS_POINT_TYPE, value=COMMA]]
2024-06-13 12:32:31.094  INFO 30264 --- [http-nio-80-exec-6] com.shopme.filter.SettingFilter          : SettingFilter | loadGeneralSettings | generalSettings : [Setting [key=COPYRIGHT, value=Copyright (C) 2021 Verginiyashop Ltd.], Setting [key=CURRENCY_ID, value=1], Setting [key=CURRENCY_SYMBOL, value=$], Setting [key=CURRENCY_SYMBOL_POSITION, value=before], Setting [key=DECIMAL_DIGITS, value=2], Setting [key=DECIMAL_POINT_TYPE, value=POINT], Setting [key=SITE_LOGO, value=VerginiyashopAdminSmall.png], Setting [key=SITE_NAME, value=Verginiyashop], Setting [key=THOUSANDS_POINT_TYPE, value=COMMA]]
2024-06-13 12:32:31.095  INFO 30264 --- [http-nio-80-exec-6] com.shopme.filter.SettingFilter          : SettingFilter | loadMenuSettings is called
2024-06-13 12:32:31.097  INFO 30264 --- [http-nio-80-exec-6] com.shopme.filter.SettingFilter          : SettingFilter | loadMenuSettings | headerMenuItems size : 0
2024-06-13 12:32:31.100  INFO 30264 --- [http-nio-80-exec-6] com.shopme.filter.SettingFilter          : SettingFilter | loadMenuSettings | footerMenuItems size : 0
2024-06-13 12:32:35.908  INFO 30264 --- [http-nio-80-exec-1] com.shopme.filter.SettingFilter          : SettingFilter | doFilter is called
2024-06-13 12:32:35.908  INFO 30264 --- [http-nio-80-exec-1] com.shopme.filter.SettingFilter          : SettingFilter | doFilter | url : http://localhost/VerginiyaShop/register
2024-06-13 12:32:35.909  INFO 30264 --- [http-nio-80-exec-1] com.shopme.filter.SettingFilter          : SettingFilter | loadGeneralSettings is called
2024-06-13 12:32:35.915  INFO 30264 --- [http-nio-80-exec-1] com.shopme.filter.SettingFilter          : SettingFilter | loadGeneralSettings | generalSettings : [Setting [key=COPYRIGHT, value=Copyright (C) 2021 Verginiyashop Ltd.], Setting [key=CURRENCY_ID, value=1], Setting [key=CURRENCY_SYMBOL, value=$], Setting [key=CURRENCY_SYMBOL_POSITION, value=before], Setting [key=DECIMAL_DIGITS, value=2], Setting [key=DECIMAL_POINT_TYPE, value=POINT], Setting [key=SITE_LOGO, value=VerginiyashopAdminSmall.png], Setting [key=SITE_NAME, value=Verginiyashop], Setting [key=THOUSANDS_POINT_TYPE, value=COMMA]]
2024-06-13 12:32:35.916  INFO 30264 --- [http-nio-80-exec-1] com.shopme.filter.SettingFilter          : SettingFilter | loadGeneralSettings | generalSettings : [Setting [key=COPYRIGHT, value=Copyright (C) 2021 Verginiyashop Ltd.], Setting [key=CURRENCY_ID, value=1], Setting [key=CURRENCY_SYMBOL, value=$], Setting [key=CURRENCY_SYMBOL_POSITION, value=before], Setting [key=DECIMAL_DIGITS, value=2], Setting [key=DECIMAL_POINT_TYPE, value=POINT], Setting [key=SITE_LOGO, value=VerginiyashopAdminSmall.png], Setting [key=SITE_NAME, value=Verginiyashop], Setting [key=THOUSANDS_POINT_TYPE, value=COMMA]]
2024-06-13 12:32:35.916  INFO 30264 --- [http-nio-80-exec-1] com.shopme.filter.SettingFilter          : SettingFilter | loadGeneralSettings | generalSettings : [Setting [key=COPYRIGHT, value=Copyright (C) 2021 Verginiyashop Ltd.], Setting [key=CURRENCY_ID, value=1], Setting [key=CURRENCY_SYMBOL, value=$], Setting [key=CURRENCY_SYMBOL_POSITION, value=before], Setting [key=DECIMAL_DIGITS, value=2], Setting [key=DECIMAL_POINT_TYPE, value=POINT], Setting [key=SITE_LOGO, value=VerginiyashopAdminSmall.png], Setting [key=SITE_NAME, value=Verginiyashop], Setting [key=THOUSANDS_POINT_TYPE, value=COMMA]]
2024-06-13 12:32:35.916  INFO 30264 --- [http-nio-80-exec-1] com.shopme.filter.SettingFilter          : SettingFilter | loadGeneralSettings | generalSettings : [Setting [key=COPYRIGHT, value=Copyright (C) 2021 Verginiyashop Ltd.], Setting [key=CURRENCY_ID, value=1], Setting [key=CURRENCY_SYMBOL, value=$], Setting [key=CURRENCY_SYMBOL_POSITION, value=before], Setting [key=DECIMAL_DIGITS, value=2], Setting [key=DECIMAL_POINT_TYPE, value=POINT], Setting [key=SITE_LOGO, value=VerginiyashopAdminSmall.png], Setting [key=SITE_NAME, value=Verginiyashop], Setting [key=THOUSANDS_POINT_TYPE, value=COMMA]]
2024-06-13 12:32:35.916  INFO 30264 --- [http-nio-80-exec-1] com.shopme.filter.SettingFilter          : SettingFilter | loadGeneralSettings | generalSettings : [Setting [key=COPYRIGHT, value=Copyright (C) 2021 Verginiyashop Ltd.], Setting [key=CURRENCY_ID, value=1], Setting [key=CURRENCY_SYMBOL, value=$], Setting [key=CURRENCY_SYMBOL_POSITION, value=before], Setting [key=DECIMAL_DIGITS, value=2], Setting [key=DECIMAL_POINT_TYPE, value=POINT], Setting [key=SITE_LOGO, value=VerginiyashopAdminSmall.png], Setting [key=SITE_NAME, value=Verginiyashop], Setting [key=THOUSANDS_POINT_TYPE, value=COMMA]]
2024-06-13 12:32:35.916  INFO 30264 --- [http-nio-80-exec-1] com.shopme.filter.SettingFilter          : SettingFilter | loadGeneralSettings | generalSettings : [Setting [key=COPYRIGHT, value=Copyright (C) 2021 Verginiyashop Ltd.], Setting [key=CURRENCY_ID, value=1], Setting [key=CURRENCY_SYMBOL, value=$], Setting [key=CURRENCY_SYMBOL_POSITION, value=before], Setting [key=DECIMAL_DIGITS, value=2], Setting [key=DECIMAL_POINT_TYPE, value=POINT], Setting [key=SITE_LOGO, value=VerginiyashopAdminSmall.png], Setting [key=SITE_NAME, value=Verginiyashop], Setting [key=THOUSANDS_POINT_TYPE, value=COMMA]]
2024-06-13 12:32:35.918  INFO 30264 --- [http-nio-80-exec-1] com.shopme.filter.SettingFilter          : SettingFilter | loadGeneralSettings | generalSettings : [Setting [key=COPYRIGHT, value=Copyright (C) 2021 Verginiyashop Ltd.], Setting [key=CURRENCY_ID, value=1], Setting [key=CURRENCY_SYMBOL, value=$], Setting [key=CURRENCY_SYMBOL_POSITION, value=before], Setting [key=DECIMAL_DIGITS, value=2], Setting [key=DECIMAL_POINT_TYPE, value=POINT], Setting [key=SITE_LOGO, value=VerginiyashopAdminSmall.png], Setting [key=SITE_NAME, value=Verginiyashop], Setting [key=THOUSANDS_POINT_TYPE, value=COMMA]]
2024-06-13 12:32:35.918  INFO 30264 --- [http-nio-80-exec-1] com.shopme.filter.SettingFilter          : SettingFilter | loadGeneralSettings | generalSettings : [Setting [key=COPYRIGHT, value=Copyright (C) 2021 Verginiyashop Ltd.], Setting [key=CURRENCY_ID, value=1], Setting [key=CURRENCY_SYMBOL, value=$], Setting [key=CURRENCY_SYMBOL_POSITION, value=before], Setting [key=DECIMAL_DIGITS, value=2], Setting [key=DECIMAL_POINT_TYPE, value=POINT], Setting [key=SITE_LOGO, value=VerginiyashopAdminSmall.png], Setting [key=SITE_NAME, value=Verginiyashop], Setting [key=THOUSANDS_POINT_TYPE, value=COMMA]]
2024-06-13 12:32:35.918  INFO 30264 --- [http-nio-80-exec-1] com.shopme.filter.SettingFilter          : SettingFilter | loadGeneralSettings | generalSettings : [Setting [key=COPYRIGHT, value=Copyright (C) 2021 Verginiyashop Ltd.], Setting [key=CURRENCY_ID, value=1], Setting [key=CURRENCY_SYMBOL, value=$], Setting [key=CURRENCY_SYMBOL_POSITION, value=before], Setting [key=DECIMAL_DIGITS, value=2], Setting [key=DECIMAL_POINT_TYPE, value=POINT], Setting [key=SITE_LOGO, value=VerginiyashopAdminSmall.png], Setting [key=SITE_NAME, value=Verginiyashop], Setting [key=THOUSANDS_POINT_TYPE, value=COMMA]]
2024-06-13 12:32:35.918  INFO 30264 --- [http-nio-80-exec-1] com.shopme.filter.SettingFilter          : SettingFilter | loadMenuSettings is called
2024-06-13 12:32:35.920  INFO 30264 --- [http-nio-80-exec-1] com.shopme.filter.SettingFilter          : SettingFilter | loadMenuSettings | headerMenuItems size : 0
2024-06-13 12:32:35.925  INFO 30264 --- [http-nio-80-exec-1] com.shopme.filter.SettingFilter          : SettingFilter | loadMenuSettings | footerMenuItems size : 0
2024-06-13 12:32:35.926  INFO 30264 --- [http-nio-80-exec-1] c.shopme.controller.CustomerController   : CustomerController | showRegisterForm is called
2024-06-13 12:32:35.933  INFO 30264 --- [http-nio-80-exec-1] c.shopme.controller.CustomerController   : CustomerController | listCountries : [Country [id=2, name=China, code=CN], Country [id=3, name=China, code=CN], Country [id=4, name=China, code=CN], Country [id=6, name=China, code=CN], Country [id=7, name=China, code=CN], Country [id=8, name=China, code=CN], Country [id=9, name=China, code=CN], Country [id=10, name=China, code=CN], Country [id=11, name=China, code=CN], Country [id=12, name=China, code=CN], Country [id=13, name=China, code=CN], Country [id=14, name=China, code=CN], Country [id=15, name=China, code=CN], Country [id=16, name=China, code=CN], Country [id=17, name=China, code=CN], Country [id=18, name=China, code=CN], Country [id=19, name=China, code=CN], Country [id=20, name=China, code=CN], Country [id=21, name=China, code=CN], Country [id=22, name=China, code=CN], Country [id=23, name=China, code=CN], Country [id=1, name=Republic of India, code=CN]]
2024-06-13 12:32:36.006  INFO 30264 --- [http-nio-80-exec-7] com.shopme.filter.SettingFilter          : SettingFilter | doFilter is called
2024-06-13 12:32:36.006  INFO 30264 --- [http-nio-80-exec-8] com.shopme.filter.SettingFilter          : SettingFilter | doFilter is called
2024-06-13 12:32:36.006  INFO 30264 --- [http-nio-80-exec-4] com.shopme.filter.SettingFilter          : SettingFilter | doFilter is called
2024-06-13 12:32:36.007  INFO 30264 --- [http-nio-80-exec-8] com.shopme.filter.SettingFilter          : SettingFilter | doFilter | url : http://localhost/VerginiyaShop/webjars/jquery/3.4.1/jquery.min.js
2024-06-13 12:32:36.006  INFO 30264 --- [http-nio-80-exec-9] com.shopme.filter.SettingFilter          : SettingFilter | doFilter is called
2024-06-13 12:32:36.006  INFO 30264 --- [http-nio-80-exec-10] com.shopme.filter.SettingFilter          : SettingFilter | doFilter is called
2024-06-13 12:32:36.006  INFO 30264 --- [http-nio-80-exec-3] com.shopme.filter.SettingFilter          : SettingFilter | doFilter is called
2024-06-13 12:32:36.007  INFO 30264 --- [http-nio-80-exec-7] com.shopme.filter.SettingFilter          : SettingFilter | doFilter | url : http://localhost/VerginiyaShop/css/styles.css
2024-06-13 12:32:36.007  INFO 30264 --- [http-nio-80-exec-4] com.shopme.filter.SettingFilter          : SettingFilter | doFilter | url : http://localhost/VerginiyaShop/fontawesome/all.css
2024-06-13 12:32:36.007  INFO 30264 --- [http-nio-80-exec-8] com.shopme.filter.SettingFilter          : SettingFilter | doFilter | .css , .js , .png , . jpg | url : http://localhost/VerginiyaShop/webjars/jquery/3.4.1/jquery.min.js
2024-06-13 12:32:36.007  INFO 30264 --- [http-nio-80-exec-9] com.shopme.filter.SettingFilter          : SettingFilter | doFilter | url : http://localhost/VerginiyaShop/VerginiyashopAdminSmall.png
2024-06-13 12:32:36.007  INFO 30264 --- [http-nio-80-exec-10] com.shopme.filter.SettingFilter          : SettingFilter | doFilter | url : http://localhost/VerginiyaShop/webjars/bootstrap/4.3.1/js/bootstrap.min.js
2024-06-13 12:32:36.007  INFO 30264 --- [http-nio-80-exec-3] com.shopme.filter.SettingFilter          : SettingFilter | doFilter | url : http://localhost/VerginiyaShop/webjars/bootstrap/4.3.1/css/bootstrap.min.css
2024-06-13 12:32:36.007  INFO 30264 --- [http-nio-80-exec-7] com.shopme.filter.SettingFilter          : SettingFilter | doFilter | .css , .js , .png , . jpg | url : http://localhost/VerginiyaShop/css/styles.css
2024-06-13 12:32:36.008  INFO 30264 --- [http-nio-80-exec-3] com.shopme.filter.SettingFilter          : SettingFilter | doFilter | .css , .js , .png , . jpg | url : http://localhost/VerginiyaShop/webjars/bootstrap/4.3.1/css/bootstrap.min.css
2024-06-13 12:32:36.007  INFO 30264 --- [http-nio-80-exec-4] com.shopme.filter.SettingFilter          : SettingFilter | doFilter | .css , .js , .png , . jpg | url : http://localhost/VerginiyaShop/fontawesome/all.css
2024-06-13 12:32:36.007  INFO 30264 --- [http-nio-80-exec-9] com.shopme.filter.SettingFilter          : SettingFilter | doFilter | .css , .js , .png , . jpg | url : http://localhost/VerginiyaShop/VerginiyashopAdminSmall.png
2024-06-13 12:32:36.007  INFO 30264 --- [http-nio-80-exec-10] com.shopme.filter.SettingFilter          : SettingFilter | doFilter | .css , .js , .png , . jpg | url : http://localhost/VerginiyaShop/webjars/bootstrap/4.3.1/js/bootstrap.min.js
2024-06-13 12:32:36.026  INFO 30264 --- [http-nio-80-exec-2] com.shopme.filter.SettingFilter          : SettingFilter | doFilter is called
2024-06-13 12:32:36.027  INFO 30264 --- [http-nio-80-exec-2] com.shopme.filter.SettingFilter          : SettingFilter | doFilter | url : http://localhost/VerginiyaShop/js/common_customer_form.js
2024-06-13 12:32:36.027  INFO 30264 --- [http-nio-80-exec-2] com.shopme.filter.SettingFilter          : SettingFilter | doFilter | .css , .js , .png , . jpg | url : http://localhost/VerginiyaShop/js/common_customer_form.js
2024-06-13 12:32:36.030  INFO 30264 --- [http-nio-80-exec-5] com.shopme.filter.SettingFilter          : SettingFilter | doFilter is called
2024-06-13 12:32:36.032  INFO 30264 --- [http-nio-80-exec-5] com.shopme.filter.SettingFilter          : SettingFilter | doFilter | url : http://localhost/VerginiyaShop/js/common_modal.js
2024-06-13 12:32:36.033  INFO 30264 --- [http-nio-80-exec-5] com.shopme.filter.SettingFilter          : SettingFilter | doFilter | .css , .js , .png , . jpg | url : http://localhost/VerginiyaShop/js/common_modal.js
2024-06-13 12:32:36.033  INFO 30264 --- [http-nio-80-exec-6] com.shopme.filter.SettingFilter          : SettingFilter | doFilter is called
2024-06-13 12:32:36.033  INFO 30264 --- [http-nio-80-exec-6] com.shopme.filter.SettingFilter          : SettingFilter | doFilter | url : http://localhost/VerginiyaShop/js/register.js
2024-06-13 12:32:36.033  INFO 30264 --- [http-nio-80-exec-6] com.shopme.filter.SettingFilter          : SettingFilter | doFilter | .css , .js , .png , . jpg | url : http://localhost/VerginiyaShop/js/register.js
